Unity Editor version:    2020.3.25f1 (9b9180224418)
Branch:                  2020.3/staging
Build type:              Release
Batch mode:              YES
macOS version:           Version 11.1 (Build 20C69)
Darwin version:          20.2.0
Architecture:            x86_64
Running under Rosetta:   YES
Available memory:        8192 MB
Using pre-set license
Pro License: NO

COMMAND LINE ARGUMENTS:
/Applications/Unity/Hub/Editor/2020.3.25f1/Unity.app/Contents/MacOS/Unity
-adb2
-batchMode
-noUpm
-name
AssetImportWorker0
-projectPath
/Users/saki/CardGame
-logFile
Logs/AssetImportWorker0.log
-srvPort
50713
Successfully changed project path to: /Users/saki/CardGame
/Users/saki/CardGame
Using Asset Import Pipeline V2.
Refreshing native plugins compatible for Editor in 42.18 ms, found 3 plugins.
Preloading 0 native plugins for Editor in 0.00 ms.
Initialize engine version: 2020.3.25f1 (9b9180224418)
[Subsystems] Discovering subsystems at path /Applications/Unity/Hub/Editor/2020.3.25f1/Unity.app/Contents/Resources/UnitySubsystems
[Subsystems] Discovering subsystems at path /Users/saki/CardGame/Assets
GfxDevice: creating device client; threaded=0
2022-02-12 19:52:01.679 Unity[2232:78760] (null) preferred device: Apple M1 (high power)
2022-02-12 19:52:01.679 Unity[2232:78760] Metal devices available: 1
2022-02-12 19:52:01.679 Unity[2232:78760] 0: Apple M1 (high power)
2022-02-12 19:52:01.679 Unity[2232:78760] Using device Apple M1 (high power)
Initializing Metal device caps: Apple M1
Initialize mono
Mono path[0] = '/Applications/Unity/Hub/Editor/2020.3.25f1/Unity.app/Contents/Managed'
Mono path[1] = '/Applications/Unity/Hub/Editor/2020.3.25f1/Unity.app/Contents/MonoBleedingEdge/lib/mono/unityjit'
Mono config path = '/Applications/Unity/Hub/Editor/2020.3.25f1/Unity.app/Contents/MonoBleedingEdge/etc'
Using monoOptions --debugger-agent=transport=dt_socket,embedding=1,server=y,suspend=n,address=127.0.0.1:56232
Begin MonoManager ReloadAssembly
Registering precompiled unity dll's ...
Register platform support module: /Applications/Unity/Hub/Editor/2020.3.25f1/PlaybackEngines/WebGLSupport/UnityEditor.WebGL.Extensions.dll
Register platform support module: /Applications/Unity/Hub/Editor/2020.3.25f1/Unity.app/Contents/PlaybackEngines/MacStandaloneSupport/UnityEditor.OSXStandalone.Extensions.dll
Registered in 0.002680 seconds.
Native extension for OSXStandalone target not found
Native extension for WebGL target not found
Refreshing native plugins compatible for Editor in 40.96 ms, found 3 plugins.
Preloading 0 native plugins for Editor in 0.00 ms.
Mono: successfully reloaded assembly
- Completed reload, in  1.373 seconds
Domain Reload Profiling:
	ReloadAssembly (1373ms)
		BeginReloadAssembly (88ms)
			ExecutionOrderSort (0ms)
			DisableScriptedObjects (0ms)
			BackupInstance (0ms)
			ReleaseScriptingObjects (0ms)
			CreateAndSetChildDomain (3ms)
		EndReloadAssembly (1157ms)
			LoadAssemblies (86ms)
			RebuildTransferFunctionScriptingTraits (0ms)
			SetupTypeCache (185ms)
			ReleaseScriptCaches (0ms)
			RebuildScriptCaches (44ms)
			SetupLoadedEditorAssemblies (610ms)
				LogAssemblyErrors (0ms)
				InitializePlatformSupportModulesInManaged (15ms)
				SetLoadedEditorAssemblies (1ms)
				RefreshPlugins (41ms)
				BeforeProcessingInitializeOnLoad (107ms)
				ProcessInitializeOnLoadAttributes (336ms)
				ProcessInitializeOnLoadMethodAttributes (110ms)
				AfterProcessingInitializeOnLoad (0ms)
				EditorAssembliesLoaded (1ms)
			ExecutionOrderSort2 (0ms)
			AwakeInstancesAfterBackupRestoration (0ms)
Platform modules already initialized, skipping
Registering precompiled user dll's ...
Registered in 0.004830 seconds.
Begin MonoManager ReloadAssembly
Native extension for OSXStandalone target not found
Native extension for WebGL target not found
Refreshing native plugins compatible for Editor in 41.16 ms, found 3 plugins.
Preloading 0 native plugins for Editor in 0.00 ms.
Mono: successfully reloaded assembly
- Completed reload, in  2.530 seconds
Domain Reload Profiling:
	ReloadAssembly (2532ms)
		BeginReloadAssembly (277ms)
			ExecutionOrderSort (0ms)
			DisableScriptedObjects (35ms)
			BackupInstance (0ms)
			ReleaseScriptingObjects (0ms)
			CreateAndSetChildDomain (44ms)
		EndReloadAssembly (2146ms)
			LoadAssemblies (234ms)
			RebuildTransferFunctionScriptingTraits (0ms)
			SetupTypeCache (404ms)
			ReleaseScriptCaches (1ms)
			RebuildScriptCaches (59ms)
			SetupLoadedEditorAssemblies (1108ms)
				LogAssemblyErrors (0ms)
				InitializePlatformSupportModulesInManaged (12ms)
				SetLoadedEditorAssemblies (1ms)
				RefreshPlugins (41ms)
				BeforeProcessingInitializeOnLoad (200ms)
				ProcessInitializeOnLoadAttributes (794ms)
				ProcessInitializeOnLoadMethodAttributes (60ms)
				AfterProcessingInitializeOnLoad (1ms)
				EditorAssembliesLoaded (0ms)
			ExecutionOrderSort2 (0ms)
			AwakeInstancesAfterBackupRestoration (34ms)
Platform modules already initialized, skipping
Validating Project structure ... 0.001236 seconds.
Shader import version has changed; will reimport all shaders...
Upgrading shader files ...0.001143 seconds.
Application.AssetDatabase Initial Script Refresh Start
RefreshInfo: InitialScriptRefreshV2(NoUpdateAssetOptions) scanfilter:  ... 1 filters
RefreshProfiler: Total: 0.000ms
Application.AssetDatabase Initial Script Refresh End
Application.AssetDatabase.Refresh Start
Application.AssetDatabase.Refresh End
RefreshInfo: StopAssetImportingV2(ForceSynchronousImport) scanfilter: 
RefreshProfiler: Total: 0.000ms
Launching external process: /Applications/Unity/Hub/Editor/2020.3.25f1/Unity.app/Contents/Tools/UnityShaderCompiler
Launched and connected shader compiler UnityShaderCompiler after 0.04 seconds
Initializing Unity extensions:
========================================================================
Worker process is ready to serve import requests
Refreshing native plugins compatible for Editor in 0.33 ms, found 3 plugins.
Preloading 0 native plugins for Editor in 0.00 ms.
Unloading 2219 Unused Serialized files (Serialized files now loaded: 0)
System memory in use before: 197.7 MB.
System memory in use after: 197.0 MB.

Unloading 114 unused Assets to reduce memory usage. Loaded Objects now: 2697.
Total: 2.578750 ms (FindLiveObjects: 0.097541 ms CreateObjectMapping: 0.042125 ms MarkObjects: 2.017208 ms  DeleteObjects: 0.421292 ms)

AssetImportParameters requested are different than current active one (requested -> active):
  custom:video-decoder-ogg-theora: a1e56fd34408186e4bbccfd4996cb3dc -> 
  custom:container-muxer-webm: aa71ff27fc2769a1b78a27578f13a17b -> 
  custom:container-demuxer-webm: 4f35f7cbe854078d1ac9338744f61a02 -> 
  custom:container-demuxer-ogg: 62fdf1f143b41e24485cea50d1cbac27 -> 
  custom:video-encoder-webm-vp8: eb34c28f22e8b96e1ab97ce403110664 -> 
  custom:framework-osx-AVFoundation: e770b220cccbd017edd2c1fefb359320 -> 
  custom:video-decoder-webm-vp8: 9c59270c3fd7afecdb556c50c9e8de78 -> 
  custom:audio-decoder-ogg-vorbis: bf7c407c2cedff20999df2af8eb42d56 -> 
  custom:audio-encoder-webm-vorbis: bf7c407c2cedff20999df2af8eb42d56 -> 
========================================================================
Received Import Request.
  path: Assets/Resources/Prefabs/Card.prefab
  artifactKey: Guid(4dd7d0b139a8f4596ba6aab53d1aaffa) Importer(815301076,1909f56bfc062723c751e8b465ee728b)
Start importing Assets/Resources/Prefabs/Card.prefab using Guid(4dd7d0b139a8f4596ba6aab53d1aaffa) Importer(815301076,1909f56bfc062723c751e8b465ee728b)  -> (artifact id: '3c5080c6f82cca934cd7f61ebc61a92f') in 0.600543 seconds 
  Import took 0.611833 seconds .

========================================================================
Received Import Request.
  Time since last request: 6.044979 seconds.
  path: Assets/Resources/Prefabs/Card.prefab
  artifactKey: Guid(4dd7d0b139a8f4596ba6aab53d1aaffa) Importer(815301076,1909f56bfc062723c751e8b465ee728b)
Start importing Assets/Resources/Prefabs/Card.prefab using Guid(4dd7d0b139a8f4596ba6aab53d1aaffa) Importer(815301076,1909f56bfc062723c751e8b465ee728b)  -> (artifact id: 'd8601f50c5e813e1268de652806749b0') in 0.024766 seconds 
  Import took 0.031050 seconds .

========================================================================
Received Import Request.
  Time since last request: 4.417842 seconds.
  path: Assets/Resources/Prefabs/Card.prefab
  artifactKey: Guid(4dd7d0b139a8f4596ba6aab53d1aaffa) Importer(815301076,1909f56bfc062723c751e8b465ee728b)
Start importing Assets/Resources/Prefabs/Card.prefab using Guid(4dd7d0b139a8f4596ba6aab53d1aaffa) Importer(815301076,1909f56bfc062723c751e8b465ee728b)  -> (artifact id: '72c21b528727e7d0df749d03dada01ef') in 0.021410 seconds 
  Import took 0.026590 seconds .

========================================================================
Received Import Request.
  Time since last request: 4.905205 seconds.
  path: Assets/Resources/Prefabs/Card.prefab
  artifactKey: Guid(4dd7d0b139a8f4596ba6aab53d1aaffa) Importer(815301076,1909f56bfc062723c751e8b465ee728b)
Start importing Assets/Resources/Prefabs/Card.prefab using Guid(4dd7d0b139a8f4596ba6aab53d1aaffa) Importer(815301076,1909f56bfc062723c751e8b465ee728b)  -> (artifact id: '24c1e4ca7ffa8bb96c4e5caf609090bb') in 0.021708 seconds 
  Import took 0.027008 seconds .

========================================================================
Received Import Request.
  Time since last request: 3.408744 seconds.
  path: Assets/Resources/Prefabs/Card.prefab
  artifactKey: Guid(4dd7d0b139a8f4596ba6aab53d1aaffa) Importer(815301076,1909f56bfc062723c751e8b465ee728b)
Start importing Assets/Resources/Prefabs/Card.prefab using Guid(4dd7d0b139a8f4596ba6aab53d1aaffa) Importer(815301076,1909f56bfc062723c751e8b465ee728b)  -> (artifact id: '480e08afa98ab84e80b70ebe0a25b9cb') in 0.019716 seconds 
  Import took 0.024842 seconds .

========================================================================
Received Import Request.
  Time since last request: 3.858793 seconds.
  path: Assets/Resources/Prefabs/Card.prefab
  artifactKey: Guid(4dd7d0b139a8f4596ba6aab53d1aaffa) Importer(815301076,1909f56bfc062723c751e8b465ee728b)
Start importing Assets/Resources/Prefabs/Card.prefab using Guid(4dd7d0b139a8f4596ba6aab53d1aaffa) Importer(815301076,1909f56bfc062723c751e8b465ee728b)  -> (artifact id: 'f2105ad018341abadb85b64a65c3b541') in 0.020192 seconds 
  Import took 0.025648 seconds .

========================================================================
Received Import Request.
  Time since last request: 3.587695 seconds.
  path: Assets/Resources/Prefabs/Card.prefab
  artifactKey: Guid(4dd7d0b139a8f4596ba6aab53d1aaffa) Importer(815301076,1909f56bfc062723c751e8b465ee728b)
Start importing Assets/Resources/Prefabs/Card.prefab using Guid(4dd7d0b139a8f4596ba6aab53d1aaffa) Importer(815301076,1909f56bfc062723c751e8b465ee728b)  -> (artifact id: 'cd4e742417c8b41f3a3944ecae9c239e') in 0.019061 seconds 
  Import took 0.024070 seconds .

========================================================================
Received Import Request.
  Time since last request: 6.070802 seconds.
  path: Assets/Resources/Prefabs/Card.prefab
  artifactKey: Guid(4dd7d0b139a8f4596ba6aab53d1aaffa) Importer(815301076,1909f56bfc062723c751e8b465ee728b)
Start importing Assets/Resources/Prefabs/Card.prefab using Guid(4dd7d0b139a8f4596ba6aab53d1aaffa) Importer(815301076,1909f56bfc062723c751e8b465ee728b)  -> (artifact id: '0fee915e767d75a47a15f11267417ff0') in 0.014463 seconds 
  Import took 0.019456 seconds .

========================================================================
Received Import Request.
  Time since last request: 87.389198 seconds.
  path: Assets/Resources/CardEntityList/Card13.asset
  artifactKey: Guid(6a6cf166496394a2081e6bb497d951ee) Importer(815301076,1909f56bfc062723c751e8b465ee728b)
Start importing Assets/Resources/CardEntityList/Card13.asset using Guid(6a6cf166496394a2081e6bb497d951ee) Importer(815301076,1909f56bfc062723c751e8b465ee728b)  -> (artifact id: '14e90ee346321895c590402085369fd4') in 0.190481 seconds 
  Import took 0.197685 seconds .

========================================================================
Received Import Request.
  Time since last request: 79.707136 seconds.
  path: Assets/images/その他/Shield.png
  artifactKey: Guid(be43c1cd41f344e5490116b9a46cba78) Importer(815301076,1909f56bfc062723c751e8b465ee728b)
Start importing Assets/images/その他/Shield.png using Guid(be43c1cd41f344e5490116b9a46cba78) Importer(815301076,1909f56bfc062723c751e8b465ee728b)  -> (artifact id: '2fc37d99dc6cb1126e7b52df7843fbe9') in 0.583806 seconds 
  Import took 0.591013 seconds .

========================================================================
Received Import Request.
  Time since last request: 61.321869 seconds.
  path: Assets/images/Items
  artifactKey: Guid(ea5899868454b4e0a98737388473fa43) Importer(815301076,1909f56bfc062723c751e8b465ee728b)
Start importing Assets/images/Items using Guid(ea5899868454b4e0a98737388473fa43) Importer(815301076,1909f56bfc062723c751e8b465ee728b)  -> (artifact id: 'cef331a1471902e53f466c009d784165') in 0.001411 seconds 
  Import took 0.005133 seconds .

========================================================================
Received Import Request.
  Time since last request: 4.855579 seconds.
  path: Assets/images/Other
  artifactKey: Guid(5e820735eb15b44f786ed09948d14a2a) Importer(815301076,1909f56bfc062723c751e8b465ee728b)
Start importing Assets/images/Other using Guid(5e820735eb15b44f786ed09948d14a2a) Importer(815301076,1909f56bfc062723c751e8b465ee728b)  -> (artifact id: '356245070b324a8cf1c9c481633f3073') in 0.000928 seconds 
  Import took 0.004087 seconds .

========================================================================
Received Import Request.
  Time since last request: 4.700487 seconds.
  path: Assets/images/Monster
  artifactKey: Guid(94459d4cf5ae640fb9f1340d57e9768f) Importer(815301076,1909f56bfc062723c751e8b465ee728b)
Start importing Assets/images/Monster using Guid(94459d4cf5ae640fb9f1340d57e9768f) Importer(815301076,1909f56bfc062723c751e8b465ee728b)  -> (artifact id: 'cf43d1e1b2e99386cf082116df353a39') in 0.000908 seconds 
  Import took 0.004470 seconds .

========================================================================
Received Import Request.
  Time since last request: 13.535089 seconds.
  path: Assets/images/Charactor
  artifactKey: Guid(4b0500d68dfd24ee7beea88e76441adb) Importer(815301076,1909f56bfc062723c751e8b465ee728b)
Start importing Assets/images/Charactor using Guid(4b0500d68dfd24ee7beea88e76441adb) Importer(815301076,1909f56bfc062723c751e8b465ee728b)  -> (artifact id: 'ac344b4bc1b28b7ae5f2851d2d2cddbf') in 0.000923 seconds 
  Import took 0.004774 seconds .

========================================================================
Received Import Request.
  Time since last request: 6.257710 seconds.
  path: Assets/images/Background
  artifactKey: Guid(94def9ccd437c412c8e3047a75ed19d5) Importer(815301076,1909f56bfc062723c751e8b465ee728b)
Start importing Assets/images/Background using Guid(94def9ccd437c412c8e3047a75ed19d5) Importer(815301076,1909f56bfc062723c751e8b465ee728b)  -> (artifact id: '94571e13adb49ca7021946a546e49a9a') in 0.000861 seconds 
  Import took 0.004210 seconds .

========================================================================
Received Import Request.
  Time since last request: 22.458741 seconds.
  path: Assets/images/Items/アイテム_おにぎり_1.png
  artifactKey: Guid(c36892b8748e14b3085f6c0ef1a72601) Importer(815301076,1909f56bfc062723c751e8b465ee728b)
Start importing Assets/images/Items/アイテム_おにぎり_1.png using Guid(c36892b8748e14b3085f6c0ef1a72601) Importer(815301076,1909f56bfc062723c751e8b465ee728b)  -> (artifact id: '0a6561be1da574a291de6b7f0147a032') in 0.027998 seconds 
  Import took 0.034782 seconds .

========================================================================
Received Import Request.
  Time since last request: 0.000286 seconds.
  path: Assets/images/Items/バラの花束_赤.png
  artifactKey: Guid(325ea3010646544b7a6c91adef1d14c9) Importer(815301076,1909f56bfc062723c751e8b465ee728b)
Start importing Assets/images/Items/バラの花束_赤.png using Guid(325ea3010646544b7a6c91adef1d14c9) Importer(815301076,1909f56bfc062723c751e8b465ee728b)  -> (artifact id: '1a4389a4ee812a061dbc70d46d57043f') in 0.017834 seconds 
  Import took 0.021337 seconds .

========================================================================
Received Import Request.
  Time since last request: 0.000331 seconds.
  path: Assets/images/Items/アイテム_カード_2.png
  artifactKey: Guid(e35d35345d5ca4d2c91883066ae3ee21) Importer(815301076,1909f56bfc062723c751e8b465ee728b)
Start importing Assets/images/Items/アイテム_カード_2.png using Guid(e35d35345d5ca4d2c91883066ae3ee21) Importer(815301076,1909f56bfc062723c751e8b465ee728b)  -> (artifact id: '6ae4b38e8ba77a737d1a8e6099b10c8d') in 0.011496 seconds 
  Import took 0.014520 seconds .

========================================================================
Received Import Request.
  Time since last request: 0.000261 seconds.
  path: Assets/images/Items/アイテム_骨付き肉_1.png
  artifactKey: Guid(df0fb496e99b3408f958a9c350ab257e) Importer(815301076,1909f56bfc062723c751e8b465ee728b)
Start importing Assets/images/Items/アイテム_骨付き肉_1.png using Guid(df0fb496e99b3408f958a9c350ab257e) Importer(815301076,1909f56bfc062723c751e8b465ee728b)  -> (artifact id: '8c7343003eb8317f877e50312453d8ca') in 0.010239 seconds 
  Import took 0.013175 seconds .

========================================================================
Received Prepare
Registering precompiled user dll's ...
Registered in 0.004742 seconds.
Begin MonoManager ReloadAssembly
Native extension for OSXStandalone target not found
Native extension for WebGL target not found
Refreshing native plugins compatible for Editor in 0.43 ms, found 3 plugins.
Preloading 0 native plugins for Editor in 0.00 ms.
Mono: successfully reloaded assembly
- Completed reload, in  2.357 seconds
Domain Reload Profiling:
	ReloadAssembly (2358ms)
		BeginReloadAssembly (235ms)
			ExecutionOrderSort (0ms)
			DisableScriptedObjects (37ms)
			BackupInstance (0ms)
			ReleaseScriptingObjects (0ms)
			CreateAndSetChildDomain (87ms)
		EndReloadAssembly (2026ms)
			LoadAssemblies (204ms)
			RebuildTransferFunctionScriptingTraits (0ms)
			SetupTypeCache (371ms)
			ReleaseScriptCaches (1ms)
			RebuildScriptCaches (55ms)
			SetupLoadedEditorAssemblies (1096ms)
				LogAssemblyErrors (0ms)
				InitializePlatformSupportModulesInManaged (17ms)
				SetLoadedEditorAssemblies (2ms)
				RefreshPlugins (0ms)
				BeforeProcessingInitializeOnLoad (247ms)
				ProcessInitializeOnLoadAttributes (785ms)
				ProcessInitializeOnLoadMethodAttributes (43ms)
				AfterProcessingInitializeOnLoad (1ms)
				EditorAssembliesLoaded (0ms)
			ExecutionOrderSort2 (0ms)
			AwakeInstancesAfterBackupRestoration (43ms)
Platform modules already initialized, skipping
Refreshing native plugins compatible for Editor in 0.35 ms, found 3 plugins.
Preloading 0 native plugins for Editor in 0.00 ms.
Unloading 2207 Unused Serialized files (Serialized files now loaded: 0)
System memory in use before: 208.1 MB.
System memory in use after: 208.2 MB.

Unloading 20 unused Assets to reduce memory usage. Loaded Objects now: 2709.
Total: 2.077000 ms (FindLiveObjects: 0.091417 ms CreateObjectMapping: 0.042375 ms MarkObjects: 1.924250 ms  DeleteObjects: 0.018083 ms)

AssetImportParameters requested are different than current active one (requested -> active):
  custom:video-decoder-ogg-theora: a1e56fd34408186e4bbccfd4996cb3dc -> 
  custom:container-muxer-webm: aa71ff27fc2769a1b78a27578f13a17b -> 
  custom:container-demuxer-webm: 4f35f7cbe854078d1ac9338744f61a02 -> 
  custom:container-demuxer-ogg: 62fdf1f143b41e24485cea50d1cbac27 -> 
  custom:video-encoder-webm-vp8: eb34c28f22e8b96e1ab97ce403110664 -> 
  custom:framework-osx-AVFoundation: e770b220cccbd017edd2c1fefb359320 -> 
  custom:video-decoder-webm-vp8: 9c59270c3fd7afecdb556c50c9e8de78 -> 
  custom:audio-decoder-ogg-vorbis: bf7c407c2cedff20999df2af8eb42d56 -> 
  custom:audio-encoder-webm-vorbis: bf7c407c2cedff20999df2af8eb42d56 -> 
========================================================================
Received Import Request.
  Time since last request: 349.030256 seconds.
  path: Assets/Resources/Prefabs/Card.prefab
  artifactKey: Guid(4dd7d0b139a8f4596ba6aab53d1aaffa) Importer(815301076,1909f56bfc062723c751e8b465ee728b)
Start importing Assets/Resources/Prefabs/Card.prefab using Guid(4dd7d0b139a8f4596ba6aab53d1aaffa) Importer(815301076,1909f56bfc062723c751e8b465ee728b)  -> (artifact id: '73c28d5bf103d4cbc543d048ad16fc96') in 0.087035 seconds 
  Import took 0.091343 seconds .

========================================================================
Received Import Request.
  Time since last request: 14.169503 seconds.
  path: Assets/images/Other/CardFrame.png
  artifactKey: Guid(6a699181b2a124162bb6f66cfff31b2e) Importer(815301076,1909f56bfc062723c751e8b465ee728b)
Start importing Assets/images/Other/CardFrame.png using Guid(6a699181b2a124162bb6f66cfff31b2e) Importer(815301076,1909f56bfc062723c751e8b465ee728b)  -> (artifact id: '161dcff782963d1d1f27afa6f5c7bf5a') in 0.091213 seconds 
  Import took 0.094563 seconds .

========================================================================
Received Import Request.
  Time since last request: 10.227434 seconds.
  path: Assets/images/Other/TimeBg.png
  artifactKey: Guid(2393859a8aad241eda3acac63cd3f2aa) Importer(815301076,1909f56bfc062723c751e8b465ee728b)
Start importing Assets/images/Other/TimeBg.png using Guid(2393859a8aad241eda3acac63cd3f2aa) Importer(815301076,1909f56bfc062723c751e8b465ee728b)  -> (artifact id: '51dadb506c388bb169a23f091b3b45e8') in 0.014403 seconds 
  Import took 0.017662 seconds .

========================================================================
Received Import Request.
  Time since last request: 36.307656 seconds.
  path: Assets/images/Other/AttackableCard.png
  artifactKey: Guid(0ba6eacafb5789b4b93c7a75aaeca5e2) Importer(815301076,1909f56bfc062723c751e8b465ee728b)
Start importing Assets/images/Other/AttackableCard.png using Guid(0ba6eacafb5789b4b93c7a75aaeca5e2) Importer(815301076,1909f56bfc062723c751e8b465ee728b)  -> (artifact id: '49b1d785f6062af1ec28c6ee947a5425') in 0.012045 seconds 
  Import took 0.015693 seconds .

========================================================================
Received Import Request.
  Time since last request: 23.840795 seconds.
  path: Assets/images/Items/onigiri.png
  artifactKey: Guid(c36892b8748e14b3085f6c0ef1a72601) Importer(815301076,1909f56bfc062723c751e8b465ee728b)
Start importing Assets/images/Items/onigiri.png using Guid(c36892b8748e14b3085f6c0ef1a72601) Importer(815301076,1909f56bfc062723c751e8b465ee728b)  -> (artifact id: 'd0eec1bfa3779ec44382b755c9e4f013') in 0.011016 seconds 
  Import took 0.014908 seconds .

========================================================================
Received Import Request.
  Time since last request: 8.079951 seconds.
  path: Assets/images/Items/CardSleeve.png
  artifactKey: Guid(e35d35345d5ca4d2c91883066ae3ee21) Importer(815301076,1909f56bfc062723c751e8b465ee728b)
Start importing Assets/images/Items/CardSleeve.png using Guid(e35d35345d5ca4d2c91883066ae3ee21) Importer(815301076,1909f56bfc062723c751e8b465ee728b)  -> (artifact id: 'e202825eb99a6d28e8bad94586a3fd26') in 0.011186 seconds 
  Import took 0.014736 seconds .

========================================================================
Received Import Request.
  Time since last request: 68.717820 seconds.
  path: Assets/images/Items/Beef.png
  artifactKey: Guid(df0fb496e99b3408f958a9c350ab257e) Importer(815301076,1909f56bfc062723c751e8b465ee728b)
Start importing Assets/images/Items/Beef.png using Guid(df0fb496e99b3408f958a9c350ab257e) Importer(815301076,1909f56bfc062723c751e8b465ee728b)  -> (artifact id: '5f2e31feb8109b666daf3106504e8f23') in 0.012815 seconds 
  Import took 0.018431 seconds .

========================================================================
Received Import Request.
  Time since last request: 23.714829 seconds.
  path: Assets/images/Items/RoseBouquet.png
  artifactKey: Guid(325ea3010646544b7a6c91adef1d14c9) Importer(815301076,1909f56bfc062723c751e8b465ee728b)
Start importing Assets/images/Items/RoseBouquet.png using Guid(325ea3010646544b7a6c91adef1d14c9) Importer(815301076,1909f56bfc062723c751e8b465ee728b)  -> (artifact id: '6a5bb7207612361e1a9a8b0f9761fa07') in 0.012609 seconds 
  Import took 0.016143 seconds .

========================================================================
Received Import Request.
  Time since last request: 8.389779 seconds.
  path: Assets/images/Items/Onigiri.png
  artifactKey: Guid(c36892b8748e14b3085f6c0ef1a72601) Importer(815301076,1909f56bfc062723c751e8b465ee728b)
Start importing Assets/images/Items/Onigiri.png using Guid(c36892b8748e14b3085f6c0ef1a72601) Importer(815301076,1909f56bfc062723c751e8b465ee728b)  -> (artifact id: '9005adf6fe81f3486a2eb3237373ab9a') in 0.011004 seconds 
  Import took 0.014411 seconds .

========================================================================
Received Import Request.
  Time since last request: 15.769298 seconds.
  path: Assets/images/Monster/Zonbi.png
  artifactKey: Guid(a5503295b0d194e70b1e5a97c8e81729) Importer(815301076,1909f56bfc062723c751e8b465ee728b)
Start importing Assets/images/Monster/Zonbi.png using Guid(a5503295b0d194e70b1e5a97c8e81729) Importer(815301076,1909f56bfc062723c751e8b465ee728b)  -> (artifact id: '051e442ad8879cfe9d6814a3cb21023b') in 0.023074 seconds 
  Import took 0.027764 seconds .

========================================================================
Received Prepare
Registering precompiled user dll's ...
Registered in 0.004300 seconds.
Begin MonoManager ReloadAssembly
Native extension for OSXStandalone target not found
Native extension for WebGL target not found
Refreshing native plugins compatible for Editor in 0.43 ms, found 3 plugins.
Preloading 0 native plugins for Editor in 0.00 ms.
Mono: successfully reloaded assembly
- Completed reload, in  2.385 seconds
Domain Reload Profiling:
	ReloadAssembly (2386ms)
		BeginReloadAssembly (244ms)
			ExecutionOrderSort (0ms)
			DisableScriptedObjects (39ms)
			BackupInstance (0ms)
			ReleaseScriptingObjects (0ms)
			CreateAndSetChildDomain (91ms)
		EndReloadAssembly (2047ms)
			LoadAssemblies (205ms)
			RebuildTransferFunctionScriptingTraits (0ms)
			SetupTypeCache (367ms)
			ReleaseScriptCaches (1ms)
			RebuildScriptCaches (55ms)
			SetupLoadedEditorAssemblies (1122ms)
				LogAssemblyErrors (0ms)
				InitializePlatformSupportModulesInManaged (17ms)
				SetLoadedEditorAssemblies (1ms)
				RefreshPlugins (0ms)
				BeforeProcessingInitializeOnLoad (255ms)
				ProcessInitializeOnLoadAttributes (804ms)
				ProcessInitializeOnLoadMethodAttributes (43ms)
				AfterProcessingInitializeOnLoad (1ms)
				EditorAssembliesLoaded (0ms)
			ExecutionOrderSort2 (0ms)
			AwakeInstancesAfterBackupRestoration (41ms)
Platform modules already initialized, skipping
Refreshing native plugins compatible for Editor in 0.36 ms, found 3 plugins.
Preloading 0 native plugins for Editor in 0.00 ms.
Unloading 2207 Unused Serialized files (Serialized files now loaded: 0)
System memory in use before: 208.4 MB.
System memory in use after: 208.7 MB.

Unloading 19 unused Assets to reduce memory usage. Loaded Objects now: 2718.
Total: 2.043875 ms (FindLiveObjects: 0.085875 ms CreateObjectMapping: 0.042417 ms MarkObjects: 1.899292 ms  DeleteObjects: 0.015458 ms)

AssetImportParameters requested are different than current active one (requested -> active):
  custom:video-decoder-ogg-theora: a1e56fd34408186e4bbccfd4996cb3dc -> 
  custom:container-muxer-webm: aa71ff27fc2769a1b78a27578f13a17b -> 
  custom:container-demuxer-webm: 4f35f7cbe854078d1ac9338744f61a02 -> 
  custom:container-demuxer-ogg: 62fdf1f143b41e24485cea50d1cbac27 -> 
  custom:video-encoder-webm-vp8: eb34c28f22e8b96e1ab97ce403110664 -> 
  custom:framework-osx-AVFoundation: e770b220cccbd017edd2c1fefb359320 -> 
  custom:video-decoder-webm-vp8: 9c59270c3fd7afecdb556c50c9e8de78 -> 
  custom:audio-decoder-ogg-vorbis: bf7c407c2cedff20999df2af8eb42d56 -> 
  custom:audio-encoder-webm-vorbis: bf7c407c2cedff20999df2af8eb42d56 -> 
========================================================================
Received Prepare
Registering precompiled user dll's ...
Registered in 0.004168 seconds.
Begin MonoManager ReloadAssembly
Native extension for OSXStandalone target not found
Native extension for WebGL target not found
Refreshing native plugins compatible for Editor in 0.44 ms, found 3 plugins.
Preloading 0 native plugins for Editor in 0.00 ms.
Mono: successfully reloaded assembly
- Completed reload, in  2.343 seconds
Domain Reload Profiling:
	ReloadAssembly (2344ms)
		BeginReloadAssembly (235ms)
			ExecutionOrderSort (0ms)
			DisableScriptedObjects (39ms)
			BackupInstance (0ms)
			ReleaseScriptingObjects (0ms)
			CreateAndSetChildDomain (82ms)
		EndReloadAssembly (2013ms)
			LoadAssemblies (212ms)
			RebuildTransferFunctionScriptingTraits (0ms)
			SetupTypeCache (361ms)
			ReleaseScriptCaches (1ms)
			RebuildScriptCaches (51ms)
			SetupLoadedEditorAssemblies (1104ms)
				LogAssemblyErrors (0ms)
				InitializePlatformSupportModulesInManaged (17ms)
				SetLoadedEditorAssemblies (1ms)
				RefreshPlugins (0ms)
				BeforeProcessingInitializeOnLoad (249ms)
				ProcessInitializeOnLoadAttributes (793ms)
				ProcessInitializeOnLoadMethodAttributes (42ms)
				AfterProcessingInitializeOnLoad (1ms)
				EditorAssembliesLoaded (0ms)
			ExecutionOrderSort2 (0ms)
			AwakeInstancesAfterBackupRestoration (42ms)
Platform modules already initialized, skipping
Refreshing native plugins compatible for Editor in 0.34 ms, found 3 plugins.
Preloading 0 native plugins for Editor in 0.00 ms.
Unloading 2207 Unused Serialized files (Serialized files now loaded: 0)
System memory in use before: 208.7 MB.
System memory in use after: 208.9 MB.

Unloading 19 unused Assets to reduce memory usage. Loaded Objects now: 2720.
Total: 2.059750 ms (FindLiveObjects: 0.083334 ms CreateObjectMapping: 0.042041 ms MarkObjects: 1.917417 ms  DeleteObjects: 0.016083 ms)

AssetImportParameters requested are different than current active one (requested -> active):
  custom:video-decoder-ogg-theora: a1e56fd34408186e4bbccfd4996cb3dc -> 
  custom:container-muxer-webm: aa71ff27fc2769a1b78a27578f13a17b -> 
  custom:container-demuxer-webm: 4f35f7cbe854078d1ac9338744f61a02 -> 
  custom:container-demuxer-ogg: 62fdf1f143b41e24485cea50d1cbac27 -> 
  custom:video-encoder-webm-vp8: eb34c28f22e8b96e1ab97ce403110664 -> 
  custom:framework-osx-AVFoundation: e770b220cccbd017edd2c1fefb359320 -> 
  custom:video-decoder-webm-vp8: 9c59270c3fd7afecdb556c50c9e8de78 -> 
  custom:audio-decoder-ogg-vorbis: bf7c407c2cedff20999df2af8eb42d56 -> 
  custom:audio-encoder-webm-vorbis: bf7c407c2cedff20999df2af8eb42d56 -> 
